2025-11-18 10:31:43,211 INFO com.example.demo.DemoApplicationTests [main] Starting DemoApplicationTests using Java 21.0.8 with PID 22932 (started by jepy in C:\Users\jepy\repos\spring-demo)
2025-11-18 10:31:43,213 INFO com.example.demo.DemoApplicationTests [main] The following 1 profile is active: "uat"
2025-11-18 10:31:43,293 DEBUG org.springframework.web.context.support.GenericWebApplicationContext [main] Refreshing org.springframework.web.context.support.GenericWebApplicationContext@2301b75
2025-11-18 10:31:44,558 DEBUG org.springframework.web.servlet.mvc.method.annotation.RequestMappingHandlerMapping [main] 6 mappings in 'requestMappingHandlerMapping'
2025-11-18 10:31:44,699 DEBUG org.springframework.web.servlet.handler.SimpleUrlHandlerMapping [main] Patterns [/webjars/**, /**] in 'resourceHandlerMapping'
2025-11-18 10:31:44,748 DEBUG org.springframework.web.servlet.mvc.method.annotation.RequestMappingHandlerAdapter [main] ControllerAdvice beans: 0 @ModelAttribute, 0 @InitBinder, 1 RequestBodyAdvice, 1 ResponseBodyAdvice
2025-11-18 10:31:44,804 DEBUG org.springframework.web.servlet.mvc.method.annotation.ExceptionHandlerExceptionResolver [main] ControllerAdvice beans: 0 @ExceptionHandler, 1 ResponseBodyAdvice
2025-11-18 10:31:44,900 INFO com.example.demo.DemoApplicationTests [main] Started DemoApplicationTests in 2.377 seconds (process running for 3.616)
2025-11-18 10:31:45,759 DEBUG org.springframework.web.context.support.GenericWebApplicationContext [SpringApplicationShutdownHook] Closing org.springframework.web.context.support.GenericWebApplicationContext@2301b75, started on Tue Nov 18 10:31:43 CET 2025
2025-11-18 11:24:29,375 INFO com.example.demo.DemoApplicationTests [main] Starting DemoApplicationTests using Java 21.0.8 with PID 4088 (started by jepy in C:\Users\jepy\repos\spring-demo)
2025-11-18 11:24:29,375 INFO com.example.demo.DemoApplicationTests [main] Starting DemoApplicationTests using Java 21.0.8 with PID 4088 (started by jepy in C:\Users\jepy\repos\spring-demo)
2025-11-18 11:24:29,377 INFO com.example.demo.DemoApplicationTests [main] The following 1 profile is active: "dev"
2025-11-18 11:24:29,377 INFO com.example.demo.DemoApplicationTests [main] The following 1 profile is active: "dev"
2025-11-18 11:24:29,419 DEBUG org.springframework.web.context.support.GenericWebApplicationContext [main] Refreshing org.springframework.web.context.support.GenericWebApplicationContext@566f1852
2025-11-18 11:24:29,419 DEBUG org.springframework.web.context.support.GenericWebApplicationContext [main] Refreshing org.springframework.web.context.support.GenericWebApplicationContext@566f1852
2025-11-18 11:24:30,585 INFO org.springframework.data.repository.config.RepositoryConfigurationDelegate [main] Bootstrapping Spring Data JPA repositories in DEFAULT mode.
2025-11-18 11:24:30,680 INFO org.springframework.data.repository.config.RepositoryConfigurationDelegate [main] Finished Spring Data repository scanning in 77 ms. Found 1 JPA repository interface.
2025-11-18 11:24:31,355 INFO org.hibernate.jpa.internal.util.LogHelper [main] HHH000204: Processing PersistenceUnitInfo [name: default]
2025-11-18 11:24:31,496 INFO org.hibernate.Version [main] HHH000412: Hibernate ORM core version 6.6.33.Final
2025-11-18 11:24:31,554 INFO org.hibernate.cache.internal.RegionFactoryInitiator [main] HHH000026: Second-level cache disabled
2025-11-18 11:24:31,783 INFO org.springframework.orm.jpa.persistenceunit.SpringPersistenceUnitInfo [main] No LoadTimeWeaver setup: ignoring JPA class transformer
2025-11-18 11:24:31,823 INFO com.zaxxer.hikari.HikariDataSource [main] HikariPool-1 - Starting...
2025-11-18 11:24:32,064 INFO com.zaxxer.hikari.pool.HikariPool [main] HikariPool-1 - Added connection conn0: url=jdbc:h2:mem:testdb user=SA
2025-11-18 11:24:32,068 INFO com.zaxxer.hikari.HikariDataSource [main] HikariPool-1 - Start completed.
2025-11-18 11:24:32,135 INFO org.hibernate.orm.connections.pooling [main] HHH10001005: Database info:
	Database JDBC URL [Connecting through datasource 'HikariDataSource (HikariPool-1)']
	Database driver: undefined/unknown
	Database version: 2.3.232
	Autocommit mode: undefined/unknown
	Isolation level: undefined/unknown
	Minimum pool size: undefined/unknown
	Maximum pool size: undefined/unknown
2025-11-18 11:24:32,318 ERROR org.springframework.orm.jpa.LocalContainerEntityManagerFactoryBean [main] Failed to initialize JPA EntityManagerFactory: Entity classes [com.example.demo.model.Book] and [com.example.demo.model.entities.Book] share the entity name 'Book' (entity names must be distinct)
2025-11-18 11:24:32,319 WARN org.springframework.web.context.support.GenericWebApplicationContext [main] Exception encountered during context initialization - cancelling refresh attempt: org.springframework.beans.factory.BeanCreationException: Error creating bean with name 'entityManagerFactory' defined in class path resource [org/springframework/boot/autoconfigure/orm/jpa/HibernateJpaConfiguration.class]: Entity classes [com.example.demo.model.Book] and [com.example.demo.model.entities.Book] share the entity name 'Book' (entity names must be distinct)
2025-11-18 11:24:32,319 WARN org.springframework.web.context.support.GenericWebApplicationContext [main] Exception encountered during context initialization - cancelling refresh attempt: org.springframework.beans.factory.BeanCreationException: Error creating bean with name 'entityManagerFactory' defined in class path resource [org/springframework/boot/autoconfigure/orm/jpa/HibernateJpaConfiguration.class]: Entity classes [com.example.demo.model.Book] and [com.example.demo.model.entities.Book] share the entity name 'Book' (entity names must be distinct)
2025-11-18 11:24:32,320 INFO com.zaxxer.hikari.HikariDataSource [main] HikariPool-1 - Shutdown initiated...
2025-11-18 11:24:32,330 INFO com.zaxxer.hikari.HikariDataSource [main] HikariPool-1 - Shutdown completed.
2025-11-18 11:24:32,354 INFO org.springframework.boot.autoconfigure.logging.ConditionEvaluationReportLogger [main] 

Error starting ApplicationContext. To display the condition evaluation report re-run your application with 'debug' enabled.
2025-11-18 11:24:32,386 ERROR org.springframework.boot.SpringApplication [main] Application run failed
org.springframework.beans.factory.BeanCreationException: Error creating bean with name 'entityManagerFactory' defined in class path resource [org/springframework/boot/autoconfigure/orm/jpa/HibernateJpaConfiguration.class]: Entity classes [com.example.demo.model.Book] and [com.example.demo.model.entities.Book] share the entity name 'Book' (entity names must be distinct)
	at org.springframework.beans.factory.support.AbstractAutowireCapableBeanFactory.initializeBean(AbstractAutowireCapableBeanFactory.java:1826)
	at org.springframework.beans.factory.support.AbstractAutowireCapableBeanFactory.doCreateBean(AbstractAutowireCapableBeanFactory.java:607)
	at org.springframework.beans.factory.support.AbstractAutowireCapableBeanFactory.createBean(AbstractAutowireCapableBeanFactory.java:529)
	at org.springframework.beans.factory.support.AbstractBeanFactory.lambda$doGetBean$0(AbstractBeanFactory.java:339)
	at org.springframework.beans.factory.support.DefaultSingletonBeanRegistry.getSingleton(DefaultSingletonBeanRegistry.java:373)
	at org.springframework.beans.factory.support.AbstractBeanFactory.doGetBean(AbstractBeanFactory.java:337)
	at org.springframework.beans.factory.support.AbstractBeanFactory.getBean(AbstractBeanFactory.java:207)
	at org.springframework.context.support.AbstractApplicationContext.finishBeanFactoryInitialization(AbstractApplicationContext.java:973)
	at org.springframework.context.support.AbstractApplicationContext.refresh(AbstractApplicationContext.java:627)
	at org.springframework.boot.SpringApplication.refresh(SpringApplication.java:752)
	at org.springframework.boot.SpringApplication.refreshContext(SpringApplication.java:439)
	at org.springframework.boot.SpringApplication.run(SpringApplication.java:318)
	at org.springframework.boot.test.context.SpringBootContextLoader.lambda$loadContext$3(SpringBootContextLoader.java:144)
	at org.springframework.util.function.ThrowingSupplier.get(ThrowingSupplier.java:58)
	at org.springframework.util.function.ThrowingSupplier.get(ThrowingSupplier.java:46)
	at org.springframework.boot.SpringApplication.withHook(SpringApplication.java:1461)
	at org.springframework.boot.test.context.SpringBootContextLoader$ContextLoaderHook.run(SpringBootContextLoader.java:563)
	at org.springframework.boot.test.context.SpringBootContextLoader.loadContext(SpringBootContextLoader.java:144)
	at org.springframework.boot.test.context.SpringBootContextLoader.loadContext(SpringBootContextLoader.java:110)
	at org.springframework.test.context.cache.DefaultCacheAwareContextLoaderDelegate.loadContextInternal(DefaultCacheAwareContextLoaderDelegate.java:225)
	at org.springframework.test.context.cache.DefaultCacheAwareContextLoaderDelegate.loadContext(DefaultCacheAwareContextLoaderDelegate.java:152)
	at org.springframework.test.context.support.DefaultTestContext.getApplicationContext(DefaultTestContext.java:130)
	at org.springframework.test.context.web.ServletTestExecutionListener.setUpRequestContextIfNecessary(ServletTestExecutionListener.java:200)
	at org.springframework.test.context.web.ServletTestExecutionListener.prepareTestInstance(ServletTestExecutionListener.java:139)
	at org.springframework.test.context.TestContextManager.prepareTestInstance(TestContextManager.java:260)
	at org.springframework.test.context.junit.jupiter.SpringExtension.postProcessTestInstance(SpringExtension.java:159)
	at org.junit.jupiter.engine.descriptor.ClassBasedTestDescriptor.lambda$invokeTestInstancePostProcessors$10(ClassBasedTestDescriptor.java:383)
	at org.junit.jupiter.engine.descriptor.ClassBasedTestDescriptor.executeAndMaskThrowable(ClassBasedTestDescriptor.java:388)
	at org.junit.jupiter.engine.descriptor.ClassBasedTestDescriptor.lambda$invokeTestInstancePostProcessors$11(ClassBasedTestDescriptor.java:382)
	at java.base/java.util.stream.ForEachOps$ForEachOp$OfRef.accept(ForEachOps.java:184)
	at java.base/java.util.stream.ReferencePipeline$3$1.accept(ReferencePipeline.java:197)
	at java.base/java.util.stream.ReferencePipeline$2$1.accept(ReferencePipeline.java:179)
	at java.base/java.util.stream.ReferencePipeline$3$1.accept(ReferencePipeline.java:197)
	at java.base/java.util.ArrayList$ArrayListSpliterator.forEachRemaining(ArrayList.java:1708)
	at java.base/java.util.stream.AbstractPipeline.copyInto(AbstractPipeline.java:509)
	at java.base/java.util.stream.AbstractPipeline.wrapAndCopyInto(AbstractPipeline.java:499)
	at java.base/java.util.stream.ForEachOps$ForEachOp.evaluateSequential(ForEachOps.java:151)
	at java.base/java.util.stream.ForEachOps$ForEachOp$OfRef.evaluateSequential(ForEachOps.java:174)
	at java.base/java.util.stream.AbstractPipeline.evaluate(AbstractPipeline.java:234)
	at java.base/java.util.stream.ReferencePipeline.forEach(ReferencePipeline.java:596)
	at org.junit.jupiter.engine.descriptor.ClassBasedTestDescriptor.invokeTestInstancePostProcessors(ClassBasedTestDescriptor.java:382)
	at org.junit.jupiter.engine.descriptor.ClassBasedTestDescriptor.lambda$instantiateAndPostProcessTestInstance$6(ClassBasedTestDescriptor.java:293)
	at org.junit.platform.engine.support.hierarchical.ThrowableCollector.execute(ThrowableCollector.java:73)
	at org.junit.jupiter.engine.descriptor.ClassBasedTestDescriptor.instantiateAndPostProcessTestInstance(ClassBasedTestDescriptor.java:292)
	at org.junit.jupiter.engine.descriptor.ClassBasedTestDescriptor.lambda$testInstancesProvider$4(ClassBasedTestDescriptor.java:281)
	at java.base/java.util.Optional.orElseGet(Optional.java:364)
	at org.junit.jupiter.engine.descriptor.ClassBasedTestDescriptor.lambda$testInstancesProvider$5(ClassBasedTestDescriptor.java:280)
	at org.junit.jupiter.engine.execution.TestInstancesProvider.getTestInstances(TestInstancesProvider.java:27)
	at org.junit.jupiter.engine.descriptor.TestMethodTestDescriptor.lambda$prepare$0(TestMethodTestDescriptor.java:112)
	at org.junit.platform.engine.support.hierarchical.ThrowableCollector.execute(ThrowableCollector.java:73)
	at org.junit.jupiter.engine.descriptor.TestMethodTestDescriptor.prepare(TestMethodTestDescriptor.java:111)
	at org.junit.jupiter.engine.descriptor.TestMethodTestDescriptor.prepare(TestMethodTestDescriptor.java:69)
	at org.junit.platform.engine.support.hierarchical.NodeTestTask.lambda$prepare$2(NodeTestTask.java:128)
	at org.junit.platform.engine.support.hierarchical.ThrowableCollector.execute(ThrowableCollector.java:73)
	at org.junit.platform.engine.support.hierarchical.NodeTestTask.prepare(NodeTestTask.java:128)
	at org.junit.platform.engine.support.hierarchical.NodeTestTask.execute(NodeTestTask.java:95)
	at java.base/java.util.ArrayList.forEach(ArrayList.java:1596)
	at org.junit.platform.engine.support.hierarchical.SameThreadHierarchicalTestExecutorService.invokeAll(SameThreadHierarchicalTestExecutorService.java:41)
	at org.junit.platform.engine.support.hierarchical.NodeTestTask.lambda$executeRecursively$6(NodeTestTask.java:160)
	at org.junit.platform.engine.support.hierarchical.ThrowableCollector.execute(ThrowableCollector.java:73)
	at org.junit.platform.engine.support.hierarchical.NodeTestTask.lambda$executeRecursively$8(NodeTestTask.java:146)
	at org.junit.platform.engine.support.hierarchical.Node.around(Node.java:137)
	at org.junit.platform.engine.support.hierarchical.NodeTestTask.lambda$executeRecursively$9(NodeTestTask.java:144)
	at org.junit.platform.engine.support.hierarchical.ThrowableCollector.execute(ThrowableCollector.java:73)
	at org.junit.platform.engine.support.hierarchical.NodeTestTask.executeRecursively(NodeTestTask.java:143)
	at org.junit.platform.engine.support.hierarchical.NodeTestTask.execute(NodeTestTask.java:100)
	at java.base/java.util.ArrayList.forEach(ArrayList.java:1596)
	at org.junit.platform.engine.support.hierarchical.SameThreadHierarchicalTestExecutorService.invokeAll(SameThreadHierarchicalTestExecutorService.java:41)
	at org.junit.platform.engine.support.hierarchical.NodeTestTask.lambda$executeRecursively$6(NodeTestTask.java:160)
	at org.junit.platform.engine.support.hierarchical.ThrowableCollector.execute(ThrowableCollector.java:73)
	at org.junit.platform.engine.support.hierarchical.NodeTestTask.lambda$executeRecursively$8(NodeTestTask.java:146)
	at org.junit.platform.engine.support.hierarchical.Node.around(Node.java:137)
	at org.junit.platform.engine.support.hierarchical.NodeTestTask.lambda$executeRecursively$9(NodeTestTask.java:144)
	at org.junit.platform.engine.support.hierarchical.ThrowableCollector.execute(ThrowableCollector.java:73)
	at org.junit.platform.engine.support.hierarchical.NodeTestTask.executeRecursively(NodeTestTask.java:143)
	at org.junit.platform.engine.support.hierarchical.NodeTestTask.execute(NodeTestTask.java:100)
	at org.junit.platform.engine.support.hierarchical.SameThreadHierarchicalTestExecutorService.submit(SameThreadHierarchicalTestExecutorService.java:35)
	at org.junit.platform.engine.support.hierarchical.HierarchicalTestExecutor.execute(HierarchicalTestExecutor.java:57)
	at org.junit.platform.engine.support.hierarchical.HierarchicalTestEngine.execute(HierarchicalTestEngine.java:54)
	at org.junit.platform.launcher.core.EngineExecutionOrchestrator.execute(EngineExecutionOrchestrator.java:201)
	at org.junit.platform.launcher.core.EngineExecutionOrchestrator.execute(EngineExecutionOrchestrator.java:170)
	at org.junit.platform.launcher.core.EngineExecutionOrchestrator.execute(EngineExecutionOrchestrator.java:94)
	at org.junit.platform.launcher.core.EngineExecutionOrchestrator.lambda$execute$0(EngineExecutionOrchestrator.java:59)
	at org.junit.platform.launcher.core.EngineExecutionOrchestrator.withInterceptedStreams(EngineExecutionOrchestrator.java:142)
	at org.junit.platform.launcher.core.EngineExecutionOrchestrator.execute(EngineExecutionOrchestrator.java:58)
	at org.junit.platform.launcher.core.DefaultLauncher.execute(DefaultLauncher.java:103)
	at org.junit.platform.launcher.core.DefaultLauncher.execute(DefaultLauncher.java:85)
	at org.junit.platform.launcher.core.DelegatingLauncher.execute(DelegatingLauncher.java:47)
	at org.junit.platform.launcher.core.InterceptingLauncher.lambda$execute$1(InterceptingLauncher.java:39)
	at org.junit.platform.launcher.core.ClasspathAlignmentCheckingLauncherInterceptor.intercept(ClasspathAlignmentCheckingLauncherInterceptor.java:25)
	at org.junit.platform.launcher.core.InterceptingLauncher.execute(InterceptingLauncher.java:38)
	at org.junit.platform.launcher.core.DelegatingLauncher.execute(DelegatingLauncher.java:47)
	at org.apache.maven.surefire.junitplatform.LauncherAdapter.executeWithoutCancellationToken(LauncherAdapter.java:60)
	at org.apache.maven.surefire.junitplatform.LauncherAdapter.execute(LauncherAdapter.java:52)
	at org.apache.maven.surefire.junitplatform.JUnitPlatformProvider.execute(JUnitPlatformProvider.java:203)
	at org.apache.maven.surefire.junitplatform.JUnitPlatformProvider.invokeAllTests(JUnitPlatformProvider.java:168)
	at org.apache.maven.surefire.junitplatform.JUnitPlatformProvider.invoke(JUnitPlatformProvider.java:136)
	at org.apache.maven.surefire.booter.ForkedBooter.runSuitesInProcess(ForkedBooter.java:385)
	at org.apache.maven.surefire.booter.ForkedBooter.execute(ForkedBooter.java:162)
	at org.apache.maven.surefire.booter.ForkedBooter.run(ForkedBooter.java:507)
	at org.apache.maven.surefire.booter.ForkedBooter.main(ForkedBooter.java:495)
Caused by: org.hibernate.DuplicateMappingException: Entity classes [com.example.demo.model.Book] and [com.example.demo.model.entities.Book] share the entity name 'Book' (entity names must be distinct)
	at org.hibernate.boot.internal.InFlightMetadataCollectorImpl.addEntityBinding(InFlightMetadataCollectorImpl.java:360)
	at org.hibernate.boot.model.internal.EntityBinder.bindEntityClass(EntityBinder.java:262)
	at org.hibernate.boot.model.internal.AnnotationBinder.bindClass(AnnotationBinder.java:404)
	at org.hibernate.boot.model.source.internal.annotations.AnnotationMetadataSourceProcessorImpl.processEntityHierarchies(AnnotationMetadataSourceProcessorImpl.java:266)
	at org.hibernate.boot.model.process.spi.MetadataBuildingProcess$1.processEntityHierarchies(MetadataBuildingProcess.java:281)
	at org.hibernate.boot.model.process.spi.MetadataBuildingProcess.complete(MetadataBuildingProcess.java:324)
	at org.hibernate.jpa.boot.internal.EntityManagerFactoryBuilderImpl.metadata(EntityManagerFactoryBuilderImpl.java:1442)
	at org.hibernate.jpa.boot.internal.EntityManagerFactoryBuilderImpl.build(EntityManagerFactoryBuilderImpl.java:1513)
	at org.springframework.orm.jpa.vendor.SpringHibernateJpaPersistenceProvider.createContainerEntityManagerFactory(SpringHibernateJpaPersistenceProvider.java:66)
	at org.springframework.orm.jpa.LocalContainerEntityManagerFactoryBean.createNativeEntityManagerFactory(LocalContainerEntityManagerFactoryBean.java:390)
	at org.springframework.orm.jpa.AbstractEntityManagerFactoryBean.buildNativeEntityManagerFactory(AbstractEntityManagerFactoryBean.java:419)
	at org.springframework.orm.jpa.AbstractEntityManagerFactoryBean.afterPropertiesSet(AbstractEntityManagerFactoryBean.java:400)
	at org.springframework.orm.jpa.LocalContainerEntityManagerFactoryBean.afterPropertiesSet(LocalContainerEntityManagerFactoryBean.java:366)
	at org.springframework.beans.factory.support.AbstractAutowireCapableBeanFactory.invokeInitMethods(AbstractAutowireCapableBeanFactory.java:1873)
	at org.springframework.beans.factory.support.AbstractAutowireCapableBeanFactory.initializeBean(AbstractAutowireCapableBeanFactory.java:1822)
	... 100 common frames omitted
2025-11-18 11:24:32,398 WARN org.springframework.test.context.TestContextManager [main] Caught exception while allowing TestExecutionListener [org.springframework.test.context.web.ServletTestExecutionListener] to prepare test instance [com.example.demo.DemoApplicationTests@65bb4cb9]
java.lang.IllegalStateException: Failed to load ApplicationContext for [WebMergedContextConfiguration@25c4f621 testClass = com.example.demo.DemoApplicationTests, locations = [], classes = [com.example.demo.DemoApplication], contextInitializerClasses = [], activeProfiles = [], propertySourceDescriptors = [], propertySourceProperties = ["org.springframework.boot.test.context.SpringBootTestContextBootstrapper=true"], contextCustomizers = [org.springframework.boot.test.context.filter.ExcludeFilterContextCustomizer@5f80fa43, org.springframework.boot.test.json.DuplicateJsonObjectContextCustomizerFactory$DuplicateJsonObjectContextCustomizer@55ecbafe, org.springframework.boot.test.mock.mockito.MockitoContextCustomizer@0, org.springframework.boot.test.web.client.TestRestTemplateContextCustomizer@29a4f594, org.springframework.boot.test.web.reactor.netty.DisableReactorResourceFactoryGlobalResourcesContextCustomizerFactory$DisableReactorResourceFactoryGlobalResourcesContextCustomizerCustomizer@8ed9cf, org.springframework.boot.test.autoconfigure.OnFailureConditionReportContextCustomizerFactory$OnFailureConditionReportContextCustomizer@540dbda9, org.springframework.boot.test.autoconfigure.actuate.observability.ObservabilityContextCustomizerFactory$DisableObservabilityContextCustomizer@1f, org.springframework.boot.test.autoconfigure.properties.PropertyMappingContextCustomizer@0, org.springframework.boot.test.autoconfigure.web.servlet.WebDriverContextCustomizer@108bdbd8, org.springframework.test.context.support.DynamicPropertiesContextCustomizer@0, org.springframework.boot.test.context.SpringBootTestAnnotation@f6441eff], resourceBasePath = "src/main/webapp", contextLoader = org.springframework.boot.test.context.SpringBootContextLoader, parent = null]
	at org.springframework.test.context.cache.DefaultCacheAwareContextLoaderDelegate.loadContext(DefaultCacheAwareContextLoaderDelegate.java:180)
	at org.springframework.test.context.support.DefaultTestContext.getApplicationContext(DefaultTestContext.java:130)
	at org.springframework.test.context.web.ServletTestExecutionListener.setUpRequestContextIfNecessary(ServletTestExecutionListener.java:200)
	at org.springframework.test.context.web.ServletTestExecutionListener.prepareTestInstance(ServletTestExecutionListener.java:139)
	at org.springframework.test.context.TestContextManager.prepareTestInstance(TestContextManager.java:260)
	at org.springframework.test.context.junit.jupiter.SpringExtension.postProcessTestInstance(SpringExtension.java:159)
	at org.junit.jupiter.engine.descriptor.ClassBasedTestDescriptor.lambda$invokeTestInstancePostProcessors$10(ClassBasedTestDescriptor.java:383)
	at org.junit.jupiter.engine.descriptor.ClassBasedTestDescriptor.executeAndMaskThrowable(ClassBasedTestDescriptor.java:388)
	at org.junit.jupiter.engine.descriptor.ClassBasedTestDescriptor.lambda$invokeTestInstancePostProcessors$11(ClassBasedTestDescriptor.java:382)
	at java.base/java.util.stream.ForEachOps$ForEachOp$OfRef.accept(ForEachOps.java:184)
	at java.base/java.util.stream.ReferencePipeline$3$1.accept(ReferencePipeline.java:197)
	at java.base/java.util.stream.ReferencePipeline$2$1.accept(ReferencePipeline.java:179)
	at java.base/java.util.stream.ReferencePipeline$3$1.accept(ReferencePipeline.java:197)
	at java.base/java.util.ArrayList$ArrayListSpliterator.forEachRemaining(ArrayList.java:1708)
	at java.base/java.util.stream.AbstractPipeline.copyInto(AbstractPipeline.java:509)
	at java.base/java.util.stream.AbstractPipeline.wrapAndCopyInto(AbstractPipeline.java:499)
	at java.base/java.util.stream.ForEachOps$ForEachOp.evaluateSequential(ForEachOps.java:151)
	at java.base/java.util.stream.ForEachOps$ForEachOp$OfRef.evaluateSequential(ForEachOps.java:174)
	at java.base/java.util.stream.AbstractPipeline.evaluate(AbstractPipeline.java:234)
	at java.base/java.util.stream.ReferencePipeline.forEach(ReferencePipeline.java:596)
	at org.junit.jupiter.engine.descriptor.ClassBasedTestDescriptor.invokeTestInstancePostProcessors(ClassBasedTestDescriptor.java:382)
	at org.junit.jupiter.engine.descriptor.ClassBasedTestDescriptor.lambda$instantiateAndPostProcessTestInstance$6(ClassBasedTestDescriptor.java:293)
	at org.junit.platform.engine.support.hierarchical.ThrowableCollector.execute(ThrowableCollector.java:73)
	at org.junit.jupiter.engine.descriptor.ClassBasedTestDescriptor.instantiateAndPostProcessTestInstance(ClassBasedTestDescriptor.java:292)
	at org.junit.jupiter.engine.descriptor.ClassBasedTestDescriptor.lambda$testInstancesProvider$4(ClassBasedTestDescriptor.java:281)
	at java.base/java.util.Optional.orElseGet(Optional.java:364)
	at org.junit.jupiter.engine.descriptor.ClassBasedTestDescriptor.lambda$testInstancesProvider$5(ClassBasedTestDescriptor.java:280)
	at org.junit.jupiter.engine.execution.TestInstancesProvider.getTestInstances(TestInstancesProvider.java:27)
	at org.junit.jupiter.engine.descriptor.TestMethodTestDescriptor.lambda$prepare$0(TestMethodTestDescriptor.java:112)
	at org.junit.platform.engine.support.hierarchical.ThrowableCollector.execute(ThrowableCollector.java:73)
	at org.junit.jupiter.engine.descriptor.TestMethodTestDescriptor.prepare(TestMethodTestDescriptor.java:111)
	at org.junit.jupiter.engine.descriptor.TestMethodTestDescriptor.prepare(TestMethodTestDescriptor.java:69)
	at org.junit.platform.engine.support.hierarchical.NodeTestTask.lambda$prepare$2(NodeTestTask.java:128)
	at org.junit.platform.engine.support.hierarchical.ThrowableCollector.execute(ThrowableCollector.java:73)
	at org.junit.platform.engine.support.hierarchical.NodeTestTask.prepare(NodeTestTask.java:128)
	at org.junit.platform.engine.support.hierarchical.NodeTestTask.execute(NodeTestTask.java:95)
	at java.base/java.util.ArrayList.forEach(ArrayList.java:1596)
	at org.junit.platform.engine.support.hierarchical.SameThreadHierarchicalTestExecutorService.invokeAll(SameThreadHierarchicalTestExecutorService.java:41)
	at org.junit.platform.engine.support.hierarchical.NodeTestTask.lambda$executeRecursively$6(NodeTestTask.java:160)
	at org.junit.platform.engine.support.hierarchical.ThrowableCollector.execute(ThrowableCollector.java:73)
	at org.junit.platform.engine.support.hierarchical.NodeTestTask.lambda$executeRecursively$8(NodeTestTask.java:146)
	at org.junit.platform.engine.support.hierarchical.Node.around(Node.java:137)
	at org.junit.platform.engine.support.hierarchical.NodeTestTask.lambda$executeRecursively$9(NodeTestTask.java:144)
	at org.junit.platform.engine.support.hierarchical.ThrowableCollector.execute(ThrowableCollector.java:73)
	at org.junit.platform.engine.support.hierarchical.NodeTestTask.executeRecursively(NodeTestTask.java:143)
	at org.junit.platform.engine.support.hierarchical.NodeTestTask.execute(NodeTestTask.java:100)
	at java.base/java.util.ArrayList.forEach(ArrayList.java:1596)
	at org.junit.platform.engine.support.hierarchical.SameThreadHierarchicalTestExecutorService.invokeAll(SameThreadHierarchicalTestExecutorService.java:41)
	at org.junit.platform.engine.support.hierarchical.NodeTestTask.lambda$executeRecursively$6(NodeTestTask.java:160)
	at org.junit.platform.engine.support.hierarchical.ThrowableCollector.execute(ThrowableCollector.java:73)
	at org.junit.platform.engine.support.hierarchical.NodeTestTask.lambda$executeRecursively$8(NodeTestTask.java:146)
	at org.junit.platform.engine.support.hierarchical.Node.around(Node.java:137)
	at org.junit.platform.engine.support.hierarchical.NodeTestTask.lambda$executeRecursively$9(NodeTestTask.java:144)
	at org.junit.platform.engine.support.hierarchical.ThrowableCollector.execute(ThrowableCollector.java:73)
	at org.junit.platform.engine.support.hierarchical.NodeTestTask.executeRecursively(NodeTestTask.java:143)
	at org.junit.platform.engine.support.hierarchical.NodeTestTask.execute(NodeTestTask.java:100)
	at org.junit.platform.engine.support.hierarchical.SameThreadHierarchicalTestExecutorService.submit(SameThreadHierarchicalTestExecutorService.java:35)
	at org.junit.platform.engine.support.hierarchical.HierarchicalTestExecutor.execute(HierarchicalTestExecutor.java:57)
	at org.junit.platform.engine.support.hierarchical.HierarchicalTestEngine.execute(HierarchicalTestEngine.java:54)
	at org.junit.platform.launcher.core.EngineExecutionOrchestrator.execute(EngineExecutionOrchestrator.java:201)
	at org.junit.platform.launcher.core.EngineExecutionOrchestrator.execute(EngineExecutionOrchestrator.java:170)
	at org.junit.platform.launcher.core.EngineExecutionOrchestrator.execute(EngineExecutionOrchestrator.java:94)
	at org.junit.platform.launcher.core.EngineExecutionOrchestrator.lambda$execute$0(EngineExecutionOrchestrator.java:59)
	at org.junit.platform.launcher.core.EngineExecutionOrchestrator.withInterceptedStreams(EngineExecutionOrchestrator.java:142)
	at org.junit.platform.launcher.core.EngineExecutionOrchestrator.execute(EngineExecutionOrchestrator.java:58)
	at org.junit.platform.launcher.core.DefaultLauncher.execute(DefaultLauncher.java:103)
	at org.junit.platform.launcher.core.DefaultLauncher.execute(DefaultLauncher.java:85)
	at org.junit.platform.launcher.core.DelegatingLauncher.execute(DelegatingLauncher.java:47)
	at org.junit.platform.launcher.core.InterceptingLauncher.lambda$execute$1(InterceptingLauncher.java:39)
	at org.junit.platform.launcher.core.ClasspathAlignmentCheckingLauncherInterceptor.intercept(ClasspathAlignmentCheckingLauncherInterceptor.java:25)
	at org.junit.platform.launcher.core.InterceptingLauncher.execute(InterceptingLauncher.java:38)
	at org.junit.platform.launcher.core.DelegatingLauncher.execute(DelegatingLauncher.java:47)
	at org.apache.maven.surefire.junitplatform.LauncherAdapter.executeWithoutCancellationToken(LauncherAdapter.java:60)
	at org.apache.maven.surefire.junitplatform.LauncherAdapter.execute(LauncherAdapter.java:52)
	at org.apache.maven.surefire.junitplatform.JUnitPlatformProvider.execute(JUnitPlatformProvider.java:203)
	at org.apache.maven.surefire.junitplatform.JUnitPlatformProvider.invokeAllTests(JUnitPlatformProvider.java:168)
	at org.apache.maven.surefire.junitplatform.JUnitPlatformProvider.invoke(JUnitPlatformProvider.java:136)
	at org.apache.maven.surefire.booter.ForkedBooter.runSuitesInProcess(ForkedBooter.java:385)
	at org.apache.maven.surefire.booter.ForkedBooter.execute(ForkedBooter.java:162)
	at org.apache.maven.surefire.booter.ForkedBooter.run(ForkedBooter.java:507)
	at org.apache.maven.surefire.booter.ForkedBooter.main(ForkedBooter.java:495)
Caused by: org.springframework.beans.factory.BeanCreationException: Error creating bean with name 'entityManagerFactory' defined in class path resource [org/springframework/boot/autoconfigure/orm/jpa/HibernateJpaConfiguration.class]: Entity classes [com.example.demo.model.Book] and [com.example.demo.model.entities.Book] share the entity name 'Book' (entity names must be distinct)
	at org.springframework.beans.factory.support.AbstractAutowireCapableBeanFactory.initializeBean(AbstractAutowireCapableBeanFactory.java:1826)
	at org.springframework.beans.factory.support.AbstractAutowireCapableBeanFactory.doCreateBean(AbstractAutowireCapableBeanFactory.java:607)
	at org.springframework.beans.factory.support.AbstractAutowireCapableBeanFactory.createBean(AbstractAutowireCapableBeanFactory.java:529)
	at org.springframework.beans.factory.support.AbstractBeanFactory.lambda$doGetBean$0(AbstractBeanFactory.java:339)
	at org.springframework.beans.factory.support.DefaultSingletonBeanRegistry.getSingleton(DefaultSingletonBeanRegistry.java:373)
	at org.springframework.beans.factory.support.AbstractBeanFactory.doGetBean(AbstractBeanFactory.java:337)
	at org.springframework.beans.factory.support.AbstractBeanFactory.getBean(AbstractBeanFactory.java:207)
	at org.springframework.context.support.AbstractApplicationContext.finishBeanFactoryInitialization(AbstractApplicationContext.java:973)
	at org.springframework.context.support.AbstractApplicationContext.refresh(AbstractApplicationContext.java:627)
	at org.springframework.boot.SpringApplication.refresh(SpringApplication.java:752)
	at org.springframework.boot.SpringApplication.refreshContext(SpringApplication.java:439)
	at org.springframework.boot.SpringApplication.run(SpringApplication.java:318)
	at org.springframework.boot.test.context.SpringBootContextLoader.lambda$loadContext$3(SpringBootContextLoader.java:144)
	at org.springframework.util.function.ThrowingSupplier.get(ThrowingSupplier.java:58)
	at org.springframework.util.function.ThrowingSupplier.get(ThrowingSupplier.java:46)
	at org.springframework.boot.SpringApplication.withHook(SpringApplication.java:1461)
	at org.springframework.boot.test.context.SpringBootContextLoader$ContextLoaderHook.run(SpringBootContextLoader.java:563)
	at org.springframework.boot.test.context.SpringBootContextLoader.loadContext(SpringBootContextLoader.java:144)
	at org.springframework.boot.test.context.SpringBootContextLoader.loadContext(SpringBootContextLoader.java:110)
	at org.springframework.test.context.cache.DefaultCacheAwareContextLoaderDelegate.loadContextInternal(DefaultCacheAwareContextLoaderDelegate.java:225)
	at org.springframework.test.context.cache.DefaultCacheAwareContextLoaderDelegate.loadContext(DefaultCacheAwareContextLoaderDelegate.java:152)
	... 80 common frames omitted
Caused by: org.hibernate.DuplicateMappingException: Entity classes [com.example.demo.model.Book] and [com.example.demo.model.entities.Book] share the entity name 'Book' (entity names must be distinct)
	at org.hibernate.boot.internal.InFlightMetadataCollectorImpl.addEntityBinding(InFlightMetadataCollectorImpl.java:360)
	at org.hibernate.boot.model.internal.EntityBinder.bindEntityClass(EntityBinder.java:262)
	at org.hibernate.boot.model.internal.AnnotationBinder.bindClass(AnnotationBinder.java:404)
	at org.hibernate.boot.model.source.internal.annotations.AnnotationMetadataSourceProcessorImpl.processEntityHierarchies(AnnotationMetadataSourceProcessorImpl.java:266)
	at org.hibernate.boot.model.process.spi.MetadataBuildingProcess$1.processEntityHierarchies(MetadataBuildingProcess.java:281)
	at org.hibernate.boot.model.process.spi.MetadataBuildingProcess.complete(MetadataBuildingProcess.java:324)
	at org.hibernate.jpa.boot.internal.EntityManagerFactoryBuilderImpl.metadata(EntityManagerFactoryBuilderImpl.java:1442)
	at org.hibernate.jpa.boot.internal.EntityManagerFactoryBuilderImpl.build(EntityManagerFactoryBuilderImpl.java:1513)
	at org.springframework.orm.jpa.vendor.SpringHibernateJpaPersistenceProvider.createContainerEntityManagerFactory(SpringHibernateJpaPersistenceProvider.java:66)
	at org.springframework.orm.jpa.LocalContainerEntityManagerFactoryBean.createNativeEntityManagerFactory(LocalContainerEntityManagerFactoryBean.java:390)
	at org.springframework.orm.jpa.AbstractEntityManagerFactoryBean.buildNativeEntityManagerFactory(AbstractEntityManagerFactoryBean.java:419)
	at org.springframework.orm.jpa.AbstractEntityManagerFactoryBean.afterPropertiesSet(AbstractEntityManagerFactoryBean.java:400)
	at org.springframework.orm.jpa.LocalContainerEntityManagerFactoryBean.afterPropertiesSet(LocalContainerEntityManagerFactoryBean.java:366)
	at org.springframework.beans.factory.support.AbstractAutowireCapableBeanFactory.invokeInitMethods(AbstractAutowireCapableBeanFactory.java:1873)
	at org.springframework.beans.factory.support.AbstractAutowireCapableBeanFactory.initializeBean(AbstractAutowireCapableBeanFactory.java:1822)
	... 100 common frames omitted
2025-11-18 11:33:53,976 INFO com.example.demo.DemoApplicationTests [main] Starting DemoApplicationTests using Java 21.0.8 with PID 17224 (started by jepy in C:\Users\jepy\repos\spring-demo)
2025-11-18 11:33:53,976 INFO com.example.demo.DemoApplicationTests [main] Starting DemoApplicationTests using Java 21.0.8 with PID 17224 (started by jepy in C:\Users\jepy\repos\spring-demo)
2025-11-18 11:33:53,976 INFO com.example.demo.DemoApplicationTests [main] The following 1 profile is active: "dev"
2025-11-18 11:33:53,976 INFO com.example.demo.DemoApplicationTests [main] The following 1 profile is active: "dev"
2025-11-18 11:33:54,050 DEBUG org.springframework.web.context.support.GenericWebApplicationContext [main] Refreshing org.springframework.web.context.support.GenericWebApplicationContext@566f1852
2025-11-18 11:33:54,050 DEBUG org.springframework.web.context.support.GenericWebApplicationContext [main] Refreshing org.springframework.web.context.support.GenericWebApplicationContext@566f1852
2025-11-18 11:33:55,145 INFO org.springframework.data.repository.config.RepositoryConfigurationDelegate [main] Bootstrapping Spring Data JPA repositories in DEFAULT mode.
2025-11-18 11:33:55,236 INFO org.springframework.data.repository.config.RepositoryConfigurationDelegate [main] Finished Spring Data repository scanning in 76 ms. Found 1 JPA repository interface.
2025-11-18 11:33:55,753 INFO org.hibernate.jpa.internal.util.LogHelper [main] HHH000204: Processing PersistenceUnitInfo [name: default]
2025-11-18 11:33:55,830 INFO org.hibernate.Version [main] HHH000412: Hibernate ORM core version 6.6.33.Final
2025-11-18 11:33:55,850 INFO org.hibernate.cache.internal.RegionFactoryInitiator [main] HHH000026: Second-level cache disabled
2025-11-18 11:33:55,977 INFO org.springframework.orm.jpa.persistenceunit.SpringPersistenceUnitInfo [main] No LoadTimeWeaver setup: ignoring JPA class transformer
2025-11-18 11:33:56,000 INFO com.zaxxer.hikari.HikariDataSource [main] HikariPool-1 - Starting...
2025-11-18 11:33:56,121 INFO com.zaxxer.hikari.pool.HikariPool [main] HikariPool-1 - Added connection conn0: url=jdbc:h2:mem:testdb user=SA
2025-11-18 11:33:56,126 INFO com.zaxxer.hikari.HikariDataSource [main] HikariPool-1 - Start completed.
2025-11-18 11:33:56,168 INFO org.hibernate.orm.connections.pooling [main] HHH10001005: Database info:
	Database JDBC URL [Connecting through datasource 'HikariDataSource (HikariPool-1)']
	Database driver: undefined/unknown
	Database version: 2.3.232
	Autocommit mode: undefined/unknown
	Isolation level: undefined/unknown
	Minimum pool size: undefined/unknown
	Maximum pool size: undefined/unknown
2025-11-18 11:33:56,812 INFO org.hibernate.engine.transaction.jta.platform.internal.JtaPlatformInitiator [main] HHH000489: No JTA platform available (set 'hibernate.transaction.jta.platform' to enable JTA platform integration)
2025-11-18 11:33:56,842 INFO org.springframework.orm.jpa.LocalContainerEntityManagerFactoryBean [main] Initialized JPA EntityManagerFactory for persistence unit 'default'
2025-11-18 11:33:57,675 WARN org.springframework.boot.autoconfigure.orm.jpa.JpaBaseConfiguration$JpaWebConfiguration [main] spring.jpa.open-in-view is enabled by default. Therefore, database queries may be performed during view rendering. Explicitly configure spring.jpa.open-in-view to disable this warning
2025-11-18 11:33:57,875 DEBUG org.springframework.web.servlet.mvc.method.annotation.RequestMappingHandlerMapping [main] 11 mappings in 'requestMappingHandlerMapping'
2025-11-18 11:33:57,875 DEBUG org.springframework.web.servlet.mvc.method.annotation.RequestMappingHandlerMapping [main] 11 mappings in 'requestMappingHandlerMapping'
2025-11-18 11:33:58,237 DEBUG org.springframework.web.servlet.handler.SimpleUrlHandlerMapping [main] Patterns [/webjars/**, /**] in 'resourceHandlerMapping'
2025-11-18 11:33:58,237 DEBUG org.springframework.web.servlet.handler.SimpleUrlHandlerMapping [main] Patterns [/webjars/**, /**] in 'resourceHandlerMapping'
2025-11-18 11:33:58,300 DEBUG org.springframework.web.servlet.mvc.method.annotation.RequestMappingHandlerAdapter [main] ControllerAdvice beans: 0 @ModelAttribute, 0 @InitBinder, 1 RequestBodyAdvice, 1 ResponseBodyAdvice
2025-11-18 11:33:58,300 DEBUG org.springframework.web.servlet.mvc.method.annotation.RequestMappingHandlerAdapter [main] ControllerAdvice beans: 0 @ModelAttribute, 0 @InitBinder, 1 RequestBodyAdvice, 1 ResponseBodyAdvice
2025-11-18 11:33:58,450 DEBUG org.springframework.web.servlet.mvc.method.annotation.ExceptionHandlerExceptionResolver [main] ControllerAdvice beans: 0 @ExceptionHandler, 1 ResponseBodyAdvice
2025-11-18 11:33:58,450 DEBUG org.springframework.web.servlet.mvc.method.annotation.ExceptionHandlerExceptionResolver [main] ControllerAdvice beans: 0 @ExceptionHandler, 1 ResponseBodyAdvice
2025-11-18 11:33:58,591 INFO org.springframework.boot.autoconfigure.h2.H2ConsoleAutoConfiguration [main] H2 console available at '/h2-console'. Database available at 'jdbc:h2:mem:testdb'
2025-11-18 11:33:58,889 INFO com.example.demo.DemoApplicationTests [main] Started DemoApplicationTests in 5.477 seconds (process running for 9.987)
2025-11-18 11:33:58,889 INFO com.example.demo.DemoApplicationTests [main] Started DemoApplicationTests in 5.477 seconds (process running for 9.987)
2025-11-18 11:33:59,207 DEBUG org.springframework.web.context.support.GenericWebApplicationContext [SpringApplicationShutdownHook] Closing org.springframework.web.context.support.GenericWebApplicationContext@566f1852, started on Tue Nov 18 11:33:54 CET 2025
2025-11-18 11:33:59,207 DEBUG org.springframework.web.context.support.GenericWebApplicationContext [SpringApplicationShutdownHook] Closing org.springframework.web.context.support.GenericWebApplicationContext@566f1852, started on Tue Nov 18 11:33:54 CET 2025
2025-11-18 11:33:59,217 INFO org.springframework.orm.jpa.LocalContainerEntityManagerFactoryBean [SpringApplicationShutdownHook] Closing JPA EntityManagerFactory for persistence unit 'default'
2025-11-18 11:33:59,229 INFO com.zaxxer.hikari.HikariDataSource [SpringApplicationShutdownHook] HikariPool-1 - Shutdown initiated...
2025-11-18 11:33:59,237 INFO com.zaxxer.hikari.HikariDataSource [SpringApplicationShutdownHook] HikariPool-1 - Shutdown completed.
2025-11-18 11:44:35,499 INFO com.example.demo.DemoApplicationTests [main] Starting DemoApplicationTests using Java 21.0.8 with PID 22212 (started by jepy in C:\Users\jepy\repos\spring-demo)
2025-11-18 11:44:35,499 INFO com.example.demo.DemoApplicationTests [main] Starting DemoApplicationTests using Java 21.0.8 with PID 22212 (started by jepy in C:\Users\jepy\repos\spring-demo)
2025-11-18 11:44:35,504 INFO com.example.demo.DemoApplicationTests [main] The following 1 profile is active: "dev"
2025-11-18 11:44:35,504 INFO com.example.demo.DemoApplicationTests [main] The following 1 profile is active: "dev"
2025-11-18 11:44:35,549 DEBUG org.springframework.web.context.support.GenericWebApplicationContext [main] Refreshing org.springframework.web.context.support.GenericWebApplicationContext@566f1852
2025-11-18 11:44:35,549 DEBUG org.springframework.web.context.support.GenericWebApplicationContext [main] Refreshing org.springframework.web.context.support.GenericWebApplicationContext@566f1852
2025-11-18 11:44:36,725 INFO org.springframework.data.repository.config.RepositoryConfigurationDelegate [main] Bootstrapping Spring Data JPA repositories in DEFAULT mode.
2025-11-18 11:44:36,863 INFO org.springframework.data.repository.config.RepositoryConfigurationDelegate [main] Finished Spring Data repository scanning in 110 ms. Found 1 JPA repository interface.
2025-11-18 11:44:37,498 INFO org.hibernate.jpa.internal.util.LogHelper [main] HHH000204: Processing PersistenceUnitInfo [name: default]
2025-11-18 11:44:37,573 INFO org.hibernate.Version [main] HHH000412: Hibernate ORM core version 6.6.33.Final
2025-11-18 11:44:37,606 INFO org.hibernate.cache.internal.RegionFactoryInitiator [main] HHH000026: Second-level cache disabled
2025-11-18 11:44:37,739 INFO org.springframework.orm.jpa.persistenceunit.SpringPersistenceUnitInfo [main] No LoadTimeWeaver setup: ignoring JPA class transformer
2025-11-18 11:44:37,765 INFO com.zaxxer.hikari.HikariDataSource [main] HikariPool-1 - Starting...
2025-11-18 11:44:37,922 INFO com.zaxxer.hikari.pool.HikariPool [main] HikariPool-1 - Added connection conn0: url=jdbc:h2:mem:testdb user=SA
2025-11-18 11:44:37,926 INFO com.zaxxer.hikari.HikariDataSource [main] HikariPool-1 - Start completed.
2025-11-18 11:44:38,004 INFO org.hibernate.orm.connections.pooling [main] HHH10001005: Database info:
	Database JDBC URL [Connecting through datasource 'HikariDataSource (HikariPool-1)']
	Database driver: undefined/unknown
	Database version: 2.3.232
	Autocommit mode: undefined/unknown
	Isolation level: undefined/unknown
	Minimum pool size: undefined/unknown
	Maximum pool size: undefined/unknown
2025-11-18 11:44:38,794 INFO org.hibernate.engine.transaction.jta.platform.internal.JtaPlatformInitiator [main] HHH000489: No JTA platform available (set 'hibernate.transaction.jta.platform' to enable JTA platform integration)
2025-11-18 11:44:38,830 INFO org.springframework.orm.jpa.LocalContainerEntityManagerFactoryBean [main] Initialized JPA EntityManagerFactory for persistence unit 'default'
2025-11-18 11:44:39,388 WARN org.springframework.boot.autoconfigure.orm.jpa.JpaBaseConfiguration$JpaWebConfiguration [main] spring.jpa.open-in-view is enabled by default. Therefore, database queries may be performed during view rendering. Explicitly configure spring.jpa.open-in-view to disable this warning
2025-11-18 11:44:39,545 DEBUG org.springframework.web.servlet.mvc.method.annotation.RequestMappingHandlerMapping [main] 11 mappings in 'requestMappingHandlerMapping'
2025-11-18 11:44:39,545 DEBUG org.springframework.web.servlet.mvc.method.annotation.RequestMappingHandlerMapping [main] 11 mappings in 'requestMappingHandlerMapping'
2025-11-18 11:44:39,804 DEBUG org.springframework.web.servlet.handler.SimpleUrlHandlerMapping [main] Patterns [/webjars/**, /**] in 'resourceHandlerMapping'
2025-11-18 11:44:39,804 DEBUG org.springframework.web.servlet.handler.SimpleUrlHandlerMapping [main] Patterns [/webjars/**, /**] in 'resourceHandlerMapping'
2025-11-18 11:44:39,921 DEBUG org.springframework.web.servlet.mvc.method.annotation.RequestMappingHandlerAdapter [main] ControllerAdvice beans: 0 @ModelAttribute, 0 @InitBinder, 1 RequestBodyAdvice, 1 ResponseBodyAdvice
2025-11-18 11:44:39,921 DEBUG org.springframework.web.servlet.mvc.method.annotation.RequestMappingHandlerAdapter [main] ControllerAdvice beans: 0 @ModelAttribute, 0 @InitBinder, 1 RequestBodyAdvice, 1 ResponseBodyAdvice
2025-11-18 11:44:40,026 DEBUG org.springframework.web.servlet.mvc.method.annotation.ExceptionHandlerExceptionResolver [main] ControllerAdvice beans: 0 @ExceptionHandler, 1 ResponseBodyAdvice
2025-11-18 11:44:40,026 DEBUG org.springframework.web.servlet.mvc.method.annotation.ExceptionHandlerExceptionResolver [main] ControllerAdvice beans: 0 @ExceptionHandler, 1 ResponseBodyAdvice
2025-11-18 11:44:40,124 INFO org.springframework.boot.autoconfigure.h2.H2ConsoleAutoConfiguration [main] H2 console available at '/h2-console'. Database available at 'jdbc:h2:mem:testdb'
2025-11-18 11:44:40,215 INFO com.example.demo.DemoApplicationTests [main] Started DemoApplicationTests in 5.285 seconds (process running for 8.123)
2025-11-18 11:44:40,215 INFO com.example.demo.DemoApplicationTests [main] Started DemoApplicationTests in 5.285 seconds (process running for 8.123)
2025-11-18 11:44:40,415 DEBUG org.springframework.web.context.support.GenericWebApplicationContext [SpringApplicationShutdownHook] Closing org.springframework.web.context.support.GenericWebApplicationContext@566f1852, started on Tue Nov 18 11:44:35 CET 2025
2025-11-18 11:44:40,415 DEBUG org.springframework.web.context.support.GenericWebApplicationContext [SpringApplicationShutdownHook] Closing org.springframework.web.context.support.GenericWebApplicationContext@566f1852, started on Tue Nov 18 11:44:35 CET 2025
2025-11-18 11:44:40,421 INFO org.springframework.orm.jpa.LocalContainerEntityManagerFactoryBean [SpringApplicationShutdownHook] Closing JPA EntityManagerFactory for persistence unit 'default'
2025-11-18 11:44:40,425 INFO com.zaxxer.hikari.HikariDataSource [SpringApplicationShutdownHook] HikariPool-1 - Shutdown initiated...
2025-11-18 11:44:40,432 INFO com.zaxxer.hikari.HikariDataSource [SpringApplicationShutdownHook] HikariPool-1 - Shutdown completed.
2025-11-18 11:55:12,546 INFO com.example.demo.DemoApplication [restartedMain] Starting DemoApplication using Java 21.0.8 with PID 7372 (C:\Users\jepy\repos\spring-demo\target\classes started by jepy in C:\Users\jepy\repos\spring-demo)
2025-11-18 11:55:12,546 INFO com.example.demo.DemoApplication [restartedMain] Starting DemoApplication using Java 21.0.8 with PID 7372 (C:\Users\jepy\repos\spring-demo\target\classes started by jepy in C:\Users\jepy\repos\spring-demo)
2025-11-18 11:55:12,546 INFO com.example.demo.DemoApplication [restartedMain] The following 1 profile is active: "dev"
2025-11-18 11:55:12,546 INFO com.example.demo.DemoApplication [restartedMain] The following 1 profile is active: "dev"
2025-11-18 11:55:12,608 INFO org.springframework.boot.devtools.env.DevToolsPropertyDefaultsPostProcessor [restartedMain] Devtools property defaults active! Set 'spring.devtools.add-properties' to 'false' to disable
2025-11-18 11:55:12,608 INFO org.springframework.boot.devtools.env.DevToolsPropertyDefaultsPostProcessor [restartedMain] For additional web related logging consider setting the 'logging.level.web' property to 'DEBUG'
2025-11-18 11:55:13,317 INFO org.springframework.data.repository.config.RepositoryConfigurationDelegate [restartedMain] Bootstrapping Spring Data JPA repositories in DEFAULT mode.
2025-11-18 11:55:13,361 INFO org.springframework.data.repository.config.RepositoryConfigurationDelegate [restartedMain] Finished Spring Data repository scanning in 41 ms. Found 1 JPA repository interface.
2025-11-18 11:55:13,888 INFO org.springframework.boot.web.embedded.tomcat.TomcatWebServer [restartedMain] Tomcat initialized with port 8080 (http)
2025-11-18 11:55:13,888 INFO org.apache.coyote.http11.Http11NioProtocol [restartedMain] Initializing ProtocolHandler ["http-nio-8080"]
2025-11-18 11:55:13,888 INFO org.apache.catalina.core.StandardService [restartedMain] Starting service [Tomcat]
2025-11-18 11:55:13,888 INFO org.apache.catalina.core.StandardEngine [restartedMain] Starting Servlet engine: [Apache Tomcat/10.1.48]
2025-11-18 11:55:13,919 INFO org.apache.catalina.core.ContainerBase.[Tomcat].[localhost].[/] [restartedMain] Initializing Spring embedded WebApplicationContext
2025-11-18 11:55:13,919 INFO org.springframework.boot.web.servlet.context.ServletWebServerApplicationContext [restartedMain] Root WebApplicationContext: initialization completed in 1311 ms
2025-11-18 11:55:14,144 INFO org.hibernate.jpa.internal.util.LogHelper [restartedMain] HHH000204: Processing PersistenceUnitInfo [name: default]
2025-11-18 11:55:14,187 INFO org.hibernate.Version [restartedMain] HHH000412: Hibernate ORM core version 6.6.33.Final
2025-11-18 11:55:14,207 INFO org.hibernate.cache.internal.RegionFactoryInitiator [restartedMain] HHH000026: Second-level cache disabled
2025-11-18 11:55:14,446 INFO org.springframework.orm.jpa.persistenceunit.SpringPersistenceUnitInfo [restartedMain] No LoadTimeWeaver setup: ignoring JPA class transformer
2025-11-18 11:55:14,479 INFO com.zaxxer.hikari.HikariDataSource [restartedMain] HikariPool-1 - Starting...
2025-11-18 11:55:14,624 INFO com.zaxxer.hikari.pool.HikariPool [restartedMain] HikariPool-1 - Added connection conn0: url=jdbc:h2:mem:testdb user=SA
2025-11-18 11:55:14,624 INFO com.zaxxer.hikari.HikariDataSource [restartedMain] HikariPool-1 - Start completed.
2025-11-18 11:55:14,659 INFO org.hibernate.orm.connections.pooling [restartedMain] HHH10001005: Database info:
	Database JDBC URL [Connecting through datasource 'HikariDataSource (HikariPool-1)']
	Database driver: undefined/unknown
	Database version: 2.3.232
	Autocommit mode: undefined/unknown
	Isolation level: undefined/unknown
	Minimum pool size: undefined/unknown
	Maximum pool size: undefined/unknown
2025-11-18 11:55:15,152 INFO org.hibernate.engine.transaction.jta.platform.internal.JtaPlatformInitiator [restartedMain] HHH000489: No JTA platform available (set 'hibernate.transaction.jta.platform' to enable JTA platform integration)
2025-11-18 11:55:15,178 INFO org.springframework.orm.jpa.LocalContainerEntityManagerFactoryBean [restartedMain] Initialized JPA EntityManagerFactory for persistence unit 'default'
2025-11-18 11:55:15,513 WARN org.springframework.boot.autoconfigure.orm.jpa.JpaBaseConfiguration$JpaWebConfiguration [restartedMain] spring.jpa.open-in-view is enabled by default. Therefore, database queries may be performed during view rendering. Explicitly configure spring.jpa.open-in-view to disable this warning
2025-11-18 11:55:15,659 DEBUG org.springframework.web.servlet.mvc.method.annotation.RequestMappingHandlerMapping [restartedMain] 11 mappings in 'requestMappingHandlerMapping'
2025-11-18 11:55:15,659 DEBUG org.springframework.web.servlet.mvc.method.annotation.RequestMappingHandlerMapping [restartedMain] 11 mappings in 'requestMappingHandlerMapping'
2025-11-18 11:55:15,800 DEBUG org.springframework.web.servlet.handler.SimpleUrlHandlerMapping [restartedMain] Patterns [/webjars/**, /**] in 'resourceHandlerMapping'
2025-11-18 11:55:15,800 DEBUG org.springframework.web.servlet.handler.SimpleUrlHandlerMapping [restartedMain] Patterns [/webjars/**, /**] in 'resourceHandlerMapping'
2025-11-18 11:55:15,842 DEBUG org.springframework.web.servlet.mvc.method.annotation.RequestMappingHandlerAdapter [restartedMain] ControllerAdvice beans: 0 @ModelAttribute, 0 @InitBinder, 1 RequestBodyAdvice, 1 ResponseBodyAdvice
2025-11-18 11:55:15,842 DEBUG org.springframework.web.servlet.mvc.method.annotation.RequestMappingHandlerAdapter [restartedMain] ControllerAdvice beans: 0 @ModelAttribute, 0 @InitBinder, 1 RequestBodyAdvice, 1 ResponseBodyAdvice
2025-11-18 11:55:15,909 DEBUG org.springframework.web.servlet.mvc.method.annotation.ExceptionHandlerExceptionResolver [restartedMain] ControllerAdvice beans: 0 @ExceptionHandler, 1 ResponseBodyAdvice
2025-11-18 11:55:15,909 DEBUG org.springframework.web.servlet.mvc.method.annotation.ExceptionHandlerExceptionResolver [restartedMain] ControllerAdvice beans: 0 @ExceptionHandler, 1 ResponseBodyAdvice
2025-11-18 11:55:15,943 INFO org.springframework.boot.autoconfigure.h2.H2ConsoleAutoConfiguration [restartedMain] H2 console available at '/h2-console'. Database available at 'jdbc:h2:mem:testdb'
2025-11-18 11:55:16,092 INFO org.springframework.boot.devtools.autoconfigure.OptionalLiveReloadServer [restartedMain] LiveReload server is running on port 35729
2025-11-18 11:55:16,119 INFO org.apache.coyote.http11.Http11NioProtocol [restartedMain] Starting ProtocolHandler ["http-nio-8080"]
2025-11-18 11:55:16,137 INFO org.springframework.boot.web.embedded.tomcat.TomcatWebServer [restartedMain] Tomcat started on port 8080 (http) with context path '/'
2025-11-18 11:55:16,160 INFO com.example.demo.DemoApplication [restartedMain] Started DemoApplication in 4.228 seconds (process running for 4.641)
2025-11-18 11:55:16,160 INFO com.example.demo.DemoApplication [restartedMain] Started DemoApplication in 4.228 seconds (process running for 4.641)
2025-11-18 11:55:22,658 INFO org.apache.catalina.core.ContainerBase.[Tomcat].[localhost].[/] [http-nio-8080-exec-1] Initializing Spring DispatcherServlet 'dispatcherServlet'
2025-11-18 11:55:22,658 INFO org.springframework.web.servlet.DispatcherServlet [http-nio-8080-exec-1] Initializing Servlet 'dispatcherServlet'
2025-11-18 11:55:22,658 INFO org.springframework.web.servlet.DispatcherServlet [http-nio-8080-exec-1] Initializing Servlet 'dispatcherServlet'
2025-11-18 11:55:22,658 DEBUG org.springframework.web.servlet.DispatcherServlet [http-nio-8080-exec-1] Detected StandardServletMultipartResolver
2025-11-18 11:55:22,658 DEBUG org.springframework.web.servlet.DispatcherServlet [http-nio-8080-exec-1] Detected StandardServletMultipartResolver
2025-11-18 11:55:22,658 DEBUG org.springframework.web.servlet.DispatcherServlet [http-nio-8080-exec-1] Detected AcceptHeaderLocaleResolver
2025-11-18 11:55:22,658 DEBUG org.springframework.web.servlet.DispatcherServlet [http-nio-8080-exec-1] Detected AcceptHeaderLocaleResolver
2025-11-18 11:55:22,658 DEBUG org.springframework.web.servlet.DispatcherServlet [http-nio-8080-exec-1] Detected FixedThemeResolver
2025-11-18 11:55:22,658 DEBUG org.springframework.web.servlet.DispatcherServlet [http-nio-8080-exec-1] Detected FixedThemeResolver
2025-11-18 11:55:22,658 DEBUG org.springframework.web.servlet.DispatcherServlet [http-nio-8080-exec-1] Detected org.springframework.web.servlet.view.DefaultRequestToViewNameTranslator@6fe6797b
2025-11-18 11:55:22,658 DEBUG org.springframework.web.servlet.DispatcherServlet [http-nio-8080-exec-1] Detected org.springframework.web.servlet.view.DefaultRequestToViewNameTranslator@6fe6797b
2025-11-18 11:55:22,658 DEBUG org.springframework.web.servlet.DispatcherServlet [http-nio-8080-exec-1] Detected org.springframework.web.servlet.support.SessionFlashMapManager@168e63e1
2025-11-18 11:55:22,658 DEBUG org.springframework.web.servlet.DispatcherServlet [http-nio-8080-exec-1] Detected org.springframework.web.servlet.support.SessionFlashMapManager@168e63e1
2025-11-18 11:55:22,658 DEBUG org.springframework.web.servlet.DispatcherServlet [http-nio-8080-exec-1] enableLoggingRequestDetails='false': request parameters and headers will be masked to prevent unsafe logging of potentially sensitive data
2025-11-18 11:55:22,658 DEBUG org.springframework.web.servlet.DispatcherServlet [http-nio-8080-exec-1] enableLoggingRequestDetails='false': request parameters and headers will be masked to prevent unsafe logging of potentially sensitive data
2025-11-18 11:55:22,658 INFO org.springframework.web.servlet.DispatcherServlet [http-nio-8080-exec-1] Completed initialization in 0 ms
2025-11-18 11:55:22,658 INFO org.springframework.web.servlet.DispatcherServlet [http-nio-8080-exec-1] Completed initialization in 0 ms
2025-11-18 11:55:22,663 DEBUG org.springframework.web.servlet.DispatcherServlet [http-nio-8080-exec-1] POST "/api/books", parameters={}
2025-11-18 11:55:22,663 DEBUG org.springframework.web.servlet.DispatcherServlet [http-nio-8080-exec-1] POST "/api/books", parameters={}
2025-11-18 11:55:22,684 DEBUG org.springframework.web.servlet.mvc.method.annotation.RequestMappingHandlerMapping [http-nio-8080-exec-1] Mapped to com.example.demo.controller.BookController#createBook(BookDTO)
2025-11-18 11:55:22,684 DEBUG org.springframework.web.servlet.mvc.method.annotation.RequestMappingHandlerMapping [http-nio-8080-exec-1] Mapped to com.example.demo.controller.BookController#createBook(BookDTO)
2025-11-18 11:55:22,842 DEBUG org.springframework.web.servlet.mvc.method.annotation.RequestResponseBodyMethodProcessor [http-nio-8080-exec-1] Read "application/json;charset=UTF-8" to [BookDTO[id=null, title=The Hobbit, author=J.R.R. Tolkien, nPages=310, nChapters=19]]
2025-11-18 11:55:22,842 DEBUG org.springframework.web.servlet.mvc.method.annotation.RequestResponseBodyMethodProcessor [http-nio-8080-exec-1] Read "application/json;charset=UTF-8" to [BookDTO[id=null, title=The Hobbit, author=J.R.R. Tolkien, nPages=310, nChapters=19]]
2025-11-18 11:55:23,050 DEBUG org.springframework.web.servlet.mvc.method.annotation.HttpEntityMethodProcessor [http-nio-8080-exec-1] Using 'application/json', given [application/json, text/plain, */*] and supported [application/json, application/*+json]
2025-11-18 11:55:23,050 DEBUG org.springframework.web.servlet.mvc.method.annotation.HttpEntityMethodProcessor [http-nio-8080-exec-1] Using 'application/json', given [application/json, text/plain, */*] and supported [application/json, application/*+json]
2025-11-18 11:55:23,066 DEBUG org.springframework.web.servlet.mvc.method.annotation.HttpEntityMethodProcessor [http-nio-8080-exec-1] Writing [BookDTO[id=1, title=The Hobbit, author=J.R.R. Tolkien, nPages=310, nChapters=19]]
2025-11-18 11:55:23,066 DEBUG org.springframework.web.servlet.mvc.method.annotation.HttpEntityMethodProcessor [http-nio-8080-exec-1] Writing [BookDTO[id=1, title=The Hobbit, author=J.R.R. Tolkien, nPages=310, nChapters=19]]
2025-11-18 11:55:23,084 DEBUG org.springframework.web.servlet.DispatcherServlet [http-nio-8080-exec-1] Completed 201 CREATED
2025-11-18 11:55:23,084 DEBUG org.springframework.web.servlet.DispatcherServlet [http-nio-8080-exec-1] Completed 201 CREATED
2025-11-18 11:55:32,637 DEBUG org.springframework.web.servlet.DispatcherServlet [http-nio-8080-exec-4] GET "/api/books/1", parameters={}
2025-11-18 11:55:32,637 DEBUG org.springframework.web.servlet.DispatcherServlet [http-nio-8080-exec-4] GET "/api/books/1", parameters={}
2025-11-18 11:55:32,638 DEBUG org.springframework.web.servlet.mvc.method.annotation.RequestMappingHandlerMapping [http-nio-8080-exec-4] Mapped to com.example.demo.controller.BookController#getBookById(Long)
2025-11-18 11:55:32,638 DEBUG org.springframework.web.servlet.mvc.method.annotation.RequestMappingHandlerMapping [http-nio-8080-exec-4] Mapped to com.example.demo.controller.BookController#getBookById(Long)
2025-11-18 11:55:32,684 DEBUG org.springframework.web.servlet.mvc.method.annotation.HttpEntityMethodProcessor [http-nio-8080-exec-4] Using 'application/json', given [application/json, text/plain, */*] and supported [application/json, application/*+json]
2025-11-18 11:55:32,684 DEBUG org.springframework.web.servlet.mvc.method.annotation.HttpEntityMethodProcessor [http-nio-8080-exec-4] Using 'application/json', given [application/json, text/plain, */*] and supported [application/json, application/*+json]
2025-11-18 11:55:32,684 DEBUG org.springframework.web.servlet.mvc.method.annotation.HttpEntityMethodProcessor [http-nio-8080-exec-4] Writing [BookDTO[id=1, title=The Hobbit, author=J.R.R. Tolkien, nPages=310, nChapters=19]]
2025-11-18 11:55:32,684 DEBUG org.springframework.web.servlet.mvc.method.annotation.HttpEntityMethodProcessor [http-nio-8080-exec-4] Writing [BookDTO[id=1, title=The Hobbit, author=J.R.R. Tolkien, nPages=310, nChapters=19]]
2025-11-18 11:55:32,684 DEBUG org.springframework.web.servlet.DispatcherServlet [http-nio-8080-exec-4] Completed 200 OK
2025-11-18 11:55:32,684 DEBUG org.springframework.web.servlet.DispatcherServlet [http-nio-8080-exec-4] Completed 200 OK
2025-11-18 11:55:42,561 DEBUG org.springframework.web.servlet.DispatcherServlet [http-nio-8080-exec-8] GET "/api/books", parameters={}
2025-11-18 11:55:42,561 DEBUG org.springframework.web.servlet.DispatcherServlet [http-nio-8080-exec-8] GET "/api/books", parameters={}
2025-11-18 11:55:42,562 DEBUG org.springframework.web.servlet.mvc.method.annotation.RequestMappingHandlerMapping [http-nio-8080-exec-8] Mapped to com.example.demo.controller.BookController#getAllBooks()
2025-11-18 11:55:42,562 DEBUG org.springframework.web.servlet.mvc.method.annotation.RequestMappingHandlerMapping [http-nio-8080-exec-8] Mapped to com.example.demo.controller.BookController#getAllBooks()
2025-11-18 11:55:42,666 DEBUG org.springframework.web.servlet.mvc.method.annotation.HttpEntityMethodProcessor [http-nio-8080-exec-8] Using 'application/json', given [application/json, text/plain, */*] and supported [application/json, application/*+json]
2025-11-18 11:55:42,666 DEBUG org.springframework.web.servlet.mvc.method.annotation.HttpEntityMethodProcessor [http-nio-8080-exec-8] Using 'application/json', given [application/json, text/plain, */*] and supported [application/json, application/*+json]
2025-11-18 11:55:42,666 DEBUG org.springframework.web.servlet.mvc.method.annotation.HttpEntityMethodProcessor [http-nio-8080-exec-8] Writing [[BookDTO[id=1, title=The Hobbit, author=J.R.R. Tolkien, nPages=310, nChapters=19]]]
2025-11-18 11:55:42,666 DEBUG org.springframework.web.servlet.mvc.method.annotation.HttpEntityMethodProcessor [http-nio-8080-exec-8] Writing [[BookDTO[id=1, title=The Hobbit, author=J.R.R. Tolkien, nPages=310, nChapters=19]]]
2025-11-18 11:55:42,666 DEBUG org.springframework.web.servlet.DispatcherServlet [http-nio-8080-exec-8] Completed 200 OK
2025-11-18 11:55:42,666 DEBUG org.springframework.web.servlet.DispatcherServlet [http-nio-8080-exec-8] Completed 200 OK
2025-11-18 11:55:53,619 DEBUG org.springframework.web.servlet.DispatcherServlet [http-nio-8080-exec-7] POST "/api/books", parameters={}
2025-11-18 11:55:53,619 DEBUG org.springframework.web.servlet.DispatcherServlet [http-nio-8080-exec-7] POST "/api/books", parameters={}
2025-11-18 11:55:53,619 DEBUG org.springframework.web.servlet.mvc.method.annotation.RequestMappingHandlerMapping [http-nio-8080-exec-7] Mapped to com.example.demo.controller.BookController#createBook(BookDTO)
2025-11-18 11:55:53,619 DEBUG org.springframework.web.servlet.mvc.method.annotation.RequestMappingHandlerMapping [http-nio-8080-exec-7] Mapped to com.example.demo.controller.BookController#createBook(BookDTO)
2025-11-18 11:55:53,619 DEBUG org.springframework.web.servlet.mvc.method.annotation.RequestResponseBodyMethodProcessor [http-nio-8080-exec-7] Read "application/json;charset=UTF-8" to [BookDTO[id=null, title=The Hobbit 2, author=J.R.R. Tolkien, nPages=310, nChapters=19]]
2025-11-18 11:55:53,619 DEBUG org.springframework.web.servlet.mvc.method.annotation.RequestResponseBodyMethodProcessor [http-nio-8080-exec-7] Read "application/json;charset=UTF-8" to [BookDTO[id=null, title=The Hobbit 2, author=J.R.R. Tolkien, nPages=310, nChapters=19]]
2025-11-18 11:55:53,624 DEBUG org.springframework.web.servlet.mvc.method.annotation.HttpEntityMethodProcessor [http-nio-8080-exec-7] Using 'application/json', given [application/json, text/plain, */*] and supported [application/json, application/*+json]
2025-11-18 11:55:53,624 DEBUG org.springframework.web.servlet.mvc.method.annotation.HttpEntityMethodProcessor [http-nio-8080-exec-7] Using 'application/json', given [application/json, text/plain, */*] and supported [application/json, application/*+json]
2025-11-18 11:55:53,624 DEBUG org.springframework.web.servlet.mvc.method.annotation.HttpEntityMethodProcessor [http-nio-8080-exec-7] Writing [BookDTO[id=2, title=The Hobbit 2, author=J.R.R. Tolkien, nPages=310, nChapters=19]]
2025-11-18 11:55:53,624 DEBUG org.springframework.web.servlet.mvc.method.annotation.HttpEntityMethodProcessor [http-nio-8080-exec-7] Writing [BookDTO[id=2, title=The Hobbit 2, author=J.R.R. Tolkien, nPages=310, nChapters=19]]
2025-11-18 11:55:53,624 DEBUG org.springframework.web.servlet.DispatcherServlet [http-nio-8080-exec-7] Completed 201 CREATED
2025-11-18 11:55:53,624 DEBUG org.springframework.web.servlet.DispatcherServlet [http-nio-8080-exec-7] Completed 201 CREATED
2025-11-18 11:55:59,150 DEBUG org.springframework.web.servlet.DispatcherServlet [http-nio-8080-exec-3] GET "/api/books", parameters={}
2025-11-18 11:55:59,150 DEBUG org.springframework.web.servlet.DispatcherServlet [http-nio-8080-exec-3] GET "/api/books", parameters={}
2025-11-18 11:55:59,151 DEBUG org.springframework.web.servlet.mvc.method.annotation.RequestMappingHandlerMapping [http-nio-8080-exec-3] Mapped to com.example.demo.controller.BookController#getAllBooks()
2025-11-18 11:55:59,151 DEBUG org.springframework.web.servlet.mvc.method.annotation.RequestMappingHandlerMapping [http-nio-8080-exec-3] Mapped to com.example.demo.controller.BookController#getAllBooks()
2025-11-18 11:55:59,154 DEBUG org.springframework.web.servlet.mvc.method.annotation.HttpEntityMethodProcessor [http-nio-8080-exec-3] Using 'application/json', given [application/json, text/plain, */*] and supported [application/json, application/*+json]
2025-11-18 11:55:59,154 DEBUG org.springframework.web.servlet.mvc.method.annotation.HttpEntityMethodProcessor [http-nio-8080-exec-3] Using 'application/json', given [application/json, text/plain, */*] and supported [application/json, application/*+json]
2025-11-18 11:55:59,155 DEBUG org.springframework.web.servlet.mvc.method.annotation.HttpEntityMethodProcessor [http-nio-8080-exec-3] Writing [[BookDTO[id=1, title=The Hobbit, author=J.R.R. Tolkien, nPages=310, nChapters=19], BookDTO[id=2, tit (truncated)...]
2025-11-18 11:55:59,155 DEBUG org.springframework.web.servlet.mvc.method.annotation.HttpEntityMethodProcessor [http-nio-8080-exec-3] Writing [[BookDTO[id=1, title=The Hobbit, author=J.R.R. Tolkien, nPages=310, nChapters=19], BookDTO[id=2, tit (truncated)...]
2025-11-18 11:55:59,156 DEBUG org.springframework.web.servlet.DispatcherServlet [http-nio-8080-exec-3] Completed 200 OK
2025-11-18 11:55:59,156 DEBUG org.springframework.web.servlet.DispatcherServlet [http-nio-8080-exec-3] Completed 200 OK
2025-11-18 11:56:19,953 DEBUG org.springframework.web.servlet.DispatcherServlet [http-nio-8080-exec-1] PUT "/api/books/1", parameters={}
2025-11-18 11:56:19,953 DEBUG org.springframework.web.servlet.DispatcherServlet [http-nio-8080-exec-1] PUT "/api/books/1", parameters={}
2025-11-18 11:56:19,953 DEBUG org.springframework.web.servlet.mvc.method.annotation.RequestMappingHandlerMapping [http-nio-8080-exec-1] Mapped to com.example.demo.controller.BookController#updateBook(Long, BookDTO)
2025-11-18 11:56:19,953 DEBUG org.springframework.web.servlet.mvc.method.annotation.RequestMappingHandlerMapping [http-nio-8080-exec-1] Mapped to com.example.demo.controller.BookController#updateBook(Long, BookDTO)
2025-11-18 11:56:19,953 DEBUG org.springframework.web.servlet.mvc.method.annotation.RequestResponseBodyMethodProcessor [http-nio-8080-exec-1] Read "application/json;charset=UTF-8" to [BookDTO[id=69, title=The Hobbit: An Unexpected Journey, author=J.R.R. Tolkien, nPages=320, nChapters (truncated)...]
2025-11-18 11:56:19,953 DEBUG org.springframework.web.servlet.mvc.method.annotation.RequestResponseBodyMethodProcessor [http-nio-8080-exec-1] Read "application/json;charset=UTF-8" to [BookDTO[id=69, title=The Hobbit: An Unexpected Journey, author=J.R.R. Tolkien, nPages=320, nChapters (truncated)...]
2025-11-18 11:56:19,977 DEBUG org.springframework.web.servlet.mvc.method.annotation.HttpEntityMethodProcessor [http-nio-8080-exec-1] Using 'application/json', given [application/json, text/plain, */*] and supported [application/json, application/*+json]
2025-11-18 11:56:19,977 DEBUG org.springframework.web.servlet.mvc.method.annotation.HttpEntityMethodProcessor [http-nio-8080-exec-1] Using 'application/json', given [application/json, text/plain, */*] and supported [application/json, application/*+json]
2025-11-18 11:56:19,978 DEBUG org.springframework.web.servlet.mvc.method.annotation.HttpEntityMethodProcessor [http-nio-8080-exec-1] Writing [BookDTO[id=1, title=The Hobbit: An Unexpected Journey, author=J.R.R. Tolkien, nPages=320, nChapters= (truncated)...]
2025-11-18 11:56:19,978 DEBUG org.springframework.web.servlet.mvc.method.annotation.HttpEntityMethodProcessor [http-nio-8080-exec-1] Writing [BookDTO[id=1, title=The Hobbit: An Unexpected Journey, author=J.R.R. Tolkien, nPages=320, nChapters= (truncated)...]
2025-11-18 11:56:19,978 DEBUG org.springframework.web.servlet.DispatcherServlet [http-nio-8080-exec-1] Completed 200 OK
2025-11-18 11:56:19,978 DEBUG org.springframework.web.servlet.DispatcherServlet [http-nio-8080-exec-1] Completed 200 OK
2025-11-18 11:56:29,199 DEBUG org.springframework.web.servlet.DispatcherServlet [http-nio-8080-exec-4] GET "/api/books", parameters={}
2025-11-18 11:56:29,199 DEBUG org.springframework.web.servlet.DispatcherServlet [http-nio-8080-exec-4] GET "/api/books", parameters={}
2025-11-18 11:56:29,201 DEBUG org.springframework.web.servlet.mvc.method.annotation.RequestMappingHandlerMapping [http-nio-8080-exec-4] Mapped to com.example.demo.controller.BookController#getAllBooks()
2025-11-18 11:56:29,201 DEBUG org.springframework.web.servlet.mvc.method.annotation.RequestMappingHandlerMapping [http-nio-8080-exec-4] Mapped to com.example.demo.controller.BookController#getAllBooks()
2025-11-18 11:56:29,209 DEBUG org.springframework.web.servlet.mvc.method.annotation.HttpEntityMethodProcessor [http-nio-8080-exec-4] Using 'application/json', given [application/json, text/plain, */*] and supported [application/json, application/*+json]
2025-11-18 11:56:29,209 DEBUG org.springframework.web.servlet.mvc.method.annotation.HttpEntityMethodProcessor [http-nio-8080-exec-4] Using 'application/json', given [application/json, text/plain, */*] and supported [application/json, application/*+json]
2025-11-18 11:56:29,209 DEBUG org.springframework.web.servlet.mvc.method.annotation.HttpEntityMethodProcessor [http-nio-8080-exec-4] Writing [[BookDTO[id=1, title=The Hobbit: An Unexpected Journey, author=J.R.R. Tolkien, nPages=320, nChapters (truncated)...]
2025-11-18 11:56:29,209 DEBUG org.springframework.web.servlet.mvc.method.annotation.HttpEntityMethodProcessor [http-nio-8080-exec-4] Writing [[BookDTO[id=1, title=The Hobbit: An Unexpected Journey, author=J.R.R. Tolkien, nPages=320, nChapters (truncated)...]
2025-11-18 11:56:29,212 DEBUG org.springframework.web.servlet.DispatcherServlet [http-nio-8080-exec-4] Completed 200 OK
2025-11-18 11:56:29,212 DEBUG org.springframework.web.servlet.DispatcherServlet [http-nio-8080-exec-4] Completed 200 OK
2025-11-18 11:56:48,718 DEBUG org.springframework.web.servlet.DispatcherServlet [http-nio-8080-exec-8] GET "/api/books", parameters={}
2025-11-18 11:56:48,718 DEBUG org.springframework.web.servlet.DispatcherServlet [http-nio-8080-exec-8] GET "/api/books", parameters={}
2025-11-18 11:56:48,719 DEBUG org.springframework.web.servlet.mvc.method.annotation.RequestMappingHandlerMapping [http-nio-8080-exec-8] Mapped to com.example.demo.controller.BookController#getAllBooks()
2025-11-18 11:56:48,719 DEBUG org.springframework.web.servlet.mvc.method.annotation.RequestMappingHandlerMapping [http-nio-8080-exec-8] Mapped to com.example.demo.controller.BookController#getAllBooks()
2025-11-18 11:56:48,719 DEBUG org.springframework.web.servlet.mvc.method.annotation.HttpEntityMethodProcessor [http-nio-8080-exec-8] Using 'application/json', given [application/json, text/plain, */*] and supported [application/json, application/*+json]
2025-11-18 11:56:48,719 DEBUG org.springframework.web.servlet.mvc.method.annotation.HttpEntityMethodProcessor [http-nio-8080-exec-8] Using 'application/json', given [application/json, text/plain, */*] and supported [application/json, application/*+json]
2025-11-18 11:56:48,719 DEBUG org.springframework.web.servlet.mvc.method.annotation.HttpEntityMethodProcessor [http-nio-8080-exec-8] Writing [[BookDTO[id=1, title=The Hobbit: An Unexpected Journey, author=J.R.R. Tolkien, nPages=320, nChapters (truncated)...]
2025-11-18 11:56:48,719 DEBUG org.springframework.web.servlet.mvc.method.annotation.HttpEntityMethodProcessor [http-nio-8080-exec-8] Writing [[BookDTO[id=1, title=The Hobbit: An Unexpected Journey, author=J.R.R. Tolkien, nPages=320, nChapters (truncated)...]
2025-11-18 11:56:48,719 DEBUG org.springframework.web.servlet.DispatcherServlet [http-nio-8080-exec-8] Completed 200 OK
2025-11-18 11:56:48,719 DEBUG org.springframework.web.servlet.DispatcherServlet [http-nio-8080-exec-8] Completed 200 OK
2025-11-18 11:57:04,624 INFO org.springframework.boot.web.embedded.tomcat.GracefulShutdown [SpringApplicationShutdownHook] Commencing graceful shutdown. Waiting for active requests to complete
2025-11-18 11:57:04,637 INFO org.springframework.boot.web.embedded.tomcat.GracefulShutdown [tomcat-shutdown] Graceful shutdown complete
2025-11-18 11:57:04,637 INFO org.springframework.orm.jpa.LocalContainerEntityManagerFactoryBean [SpringApplicationShutdownHook] Closing JPA EntityManagerFactory for persistence unit 'default'
2025-11-18 11:57:04,653 WARN org.springframework.beans.factory.support.DisposableBeanAdapter [SpringApplicationShutdownHook] Invocation of destroy method failed on bean with name 'inMemoryDatabaseShutdownExecutor': org.h2.jdbc.JdbcSQLNonTransientConnectionException: Database is already closed (to disable automatic closing at VM shutdown, add ";DB_CLOSE_ON_EXIT=FALSE" to the db URL) [90121-232]
2025-11-18 11:57:04,653 INFO com.zaxxer.hikari.HikariDataSource [SpringApplicationShutdownHook] HikariPool-1 - Shutdown initiated...
2025-11-18 11:57:04,658 INFO com.zaxxer.hikari.HikariDataSource [SpringApplicationShutdownHook] HikariPool-1 - Shutdown completed.
2025-11-18 12:20:57,956 INFO com.example.demo.DemoApplicationTests [main] Starting DemoApplicationTests using Java 21.0.8 with PID 12116 (started by jepy in C:\Users\jepy\repos\spring-demo)
2025-11-18 12:20:57,959 INFO com.example.demo.DemoApplicationTests [main] The following 1 profile is active: "dev"
2025-11-18 12:20:57,998 DEBUG org.springframework.web.context.support.GenericWebApplicationContext [main] Refreshing org.springframework.web.context.support.GenericWebApplicationContext@4cb957b8
2025-11-18 12:20:59,033 INFO org.springframework.data.repository.config.RepositoryConfigurationDelegate [main] Bootstrapping Spring Data JPA repositories in DEFAULT mode.
2025-11-18 12:20:59,159 INFO org.springframework.data.repository.config.RepositoryConfigurationDelegate [main] Finished Spring Data repository scanning in 88 ms. Found 1 JPA repository interface.
2025-11-18 12:20:59,844 INFO org.hibernate.jpa.internal.util.LogHelper [main] HHH000204: Processing PersistenceUnitInfo [name: default]
2025-11-18 12:20:59,976 INFO org.hibernate.Version [main] HHH000412: Hibernate ORM core version 6.6.33.Final
2025-11-18 12:21:00,026 INFO org.hibernate.cache.internal.RegionFactoryInitiator [main] HHH000026: Second-level cache disabled
2025-11-18 12:21:00,226 INFO org.springframework.orm.jpa.persistenceunit.SpringPersistenceUnitInfo [main] No LoadTimeWeaver setup: ignoring JPA class transformer
2025-11-18 12:21:00,271 INFO com.zaxxer.hikari.HikariDataSource [main] HikariPool-1 - Starting...
2025-11-18 12:21:00,482 INFO com.zaxxer.hikari.pool.HikariPool [main] HikariPool-1 - Added connection conn0: url=jdbc:h2:mem:testdb user=SA
2025-11-18 12:21:00,484 INFO com.zaxxer.hikari.HikariDataSource [main] HikariPool-1 - Start completed.
2025-11-18 12:21:00,548 INFO org.hibernate.orm.connections.pooling [main] HHH10001005: Database info:
	Database JDBC URL [Connecting through datasource 'HikariDataSource (HikariPool-1)']
	Database driver: undefined/unknown
	Database version: 2.3.232
	Autocommit mode: undefined/unknown
	Isolation level: undefined/unknown
	Minimum pool size: undefined/unknown
	Maximum pool size: undefined/unknown
2025-11-18 12:21:01,194 INFO org.hibernate.engine.transaction.jta.platform.internal.JtaPlatformInitiator [main] HHH000489: No JTA platform available (set 'hibernate.transaction.jta.platform' to enable JTA platform integration)
2025-11-18 12:21:01,225 INFO org.springframework.orm.jpa.LocalContainerEntityManagerFactoryBean [main] Initialized JPA EntityManagerFactory for persistence unit 'default'
2025-11-18 12:21:01,806 DEBUG org.springframework.web.servlet.mvc.method.annotation.RequestMappingHandlerMapping [main] 11 mappings in 'requestMappingHandlerMapping'
2025-11-18 12:21:02,050 DEBUG org.springframework.web.servlet.handler.SimpleUrlHandlerMapping [main] Patterns [/webjars/**, /**] in 'resourceHandlerMapping'
2025-11-18 12:21:02,103 DEBUG org.springframework.web.servlet.mvc.method.annotation.RequestMappingHandlerAdapter [main] ControllerAdvice beans: 0 @ModelAttribute, 0 @InitBinder, 1 RequestBodyAdvice, 1 ResponseBodyAdvice
2025-11-18 12:21:02,206 DEBUG org.springframework.web.servlet.mvc.method.annotation.ExceptionHandlerExceptionResolver [main] ControllerAdvice beans: 0 @ExceptionHandler, 1 ResponseBodyAdvice
2025-11-18 12:21:02,317 INFO org.springframework.boot.autoconfigure.h2.H2ConsoleAutoConfiguration [main] H2 console available at '/h2-console'. Database available at 'jdbc:h2:mem:testdb'
2025-11-18 12:21:02,473 INFO com.example.demo.DemoApplicationTests [main] Started DemoApplicationTests in 5.13 seconds (process running for 8.067)
2025-11-18 12:21:02,628 DEBUG org.springframework.web.context.support.GenericWebApplicationContext [SpringApplicationShutdownHook] Closing org.springframework.web.context.support.GenericWebApplicationContext@4cb957b8, started on Tue Nov 18 12:20:57 CET 2025
2025-11-18 12:21:02,632 INFO org.springframework.orm.jpa.LocalContainerEntityManagerFactoryBean [SpringApplicationShutdownHook] Closing JPA EntityManagerFactory for persistence unit 'default'
2025-11-18 12:21:02,639 INFO com.zaxxer.hikari.HikariDataSource [SpringApplicationShutdownHook] HikariPool-1 - Shutdown initiated...
2025-11-18 12:21:02,645 INFO com.zaxxer.hikari.HikariDataSource [SpringApplicationShutdownHook] HikariPool-1 - Shutdown completed.
2025-11-18 12:24:44,206 INFO com.example.demo.DemoApplicationTests [main] Starting DemoApplicationTests using Java 21.0.8 with PID 16908 (started by jepy in C:\Users\jepy\repos\spring-demo)
2025-11-18 12:24:44,209 INFO com.example.demo.DemoApplicationTests [main] The following 1 profile is active: "dev"
2025-11-18 12:24:44,256 DEBUG org.springframework.web.context.support.GenericWebApplicationContext [main] Refreshing org.springframework.web.context.support.GenericWebApplicationContext@77f4c040
2025-11-18 12:24:45,659 INFO org.springframework.data.repository.config.RepositoryConfigurationDelegate [main] Bootstrapping Spring Data JPA repositories in DEFAULT mode.
2025-11-18 12:24:45,795 INFO org.springframework.data.repository.config.RepositoryConfigurationDelegate [main] Finished Spring Data repository scanning in 105 ms. Found 1 JPA repository interface.
2025-11-18 12:24:46,690 INFO org.hibernate.jpa.internal.util.LogHelper [main] HHH000204: Processing PersistenceUnitInfo [name: default]
2025-11-18 12:24:46,781 INFO org.hibernate.Version [main] HHH000412: Hibernate ORM core version 6.6.33.Final
2025-11-18 12:24:46,818 INFO org.hibernate.cache.internal.RegionFactoryInitiator [main] HHH000026: Second-level cache disabled
2025-11-18 12:24:46,971 INFO org.springframework.orm.jpa.persistenceunit.SpringPersistenceUnitInfo [main] No LoadTimeWeaver setup: ignoring JPA class transformer
2025-11-18 12:24:46,995 INFO com.zaxxer.hikari.HikariDataSource [main] HikariPool-1 - Starting...
2025-11-18 12:24:47,149 INFO com.zaxxer.hikari.pool.HikariPool [main] HikariPool-1 - Added connection conn0: url=jdbc:h2:mem:testdb user=SA
2025-11-18 12:24:47,152 INFO com.zaxxer.hikari.HikariDataSource [main] HikariPool-1 - Start completed.
2025-11-18 12:24:47,203 INFO org.hibernate.orm.connections.pooling [main] HHH10001005: Database info:
	Database JDBC URL [Connecting through datasource 'HikariDataSource (HikariPool-1)']
	Database driver: undefined/unknown
	Database version: 2.3.232
	Autocommit mode: undefined/unknown
	Isolation level: undefined/unknown
	Minimum pool size: undefined/unknown
	Maximum pool size: undefined/unknown
2025-11-18 12:24:47,823 INFO org.hibernate.engine.transaction.jta.platform.internal.JtaPlatformInitiator [main] HHH000489: No JTA platform available (set 'hibernate.transaction.jta.platform' to enable JTA platform integration)
2025-11-18 12:24:47,902 INFO org.springframework.orm.jpa.LocalContainerEntityManagerFactoryBean [main] Initialized JPA EntityManagerFactory for persistence unit 'default'
2025-11-18 12:24:48,714 DEBUG org.springframework.web.servlet.mvc.method.annotation.RequestMappingHandlerMapping [main] 11 mappings in 'requestMappingHandlerMapping'
2025-11-18 12:24:48,879 DEBUG org.springframework.web.servlet.handler.SimpleUrlHandlerMapping [main] Patterns [/webjars/**, /**] in 'resourceHandlerMapping'
2025-11-18 12:24:48,904 DEBUG org.springframework.web.servlet.mvc.method.annotation.RequestMappingHandlerAdapter [main] ControllerAdvice beans: 0 @ModelAttribute, 0 @InitBinder, 1 RequestBodyAdvice, 1 ResponseBodyAdvice
2025-11-18 12:24:48,956 DEBUG org.springframework.web.servlet.mvc.method.annotation.ExceptionHandlerExceptionResolver [main] ControllerAdvice beans: 0 @ExceptionHandler, 1 ResponseBodyAdvice
2025-11-18 12:24:49,019 INFO org.springframework.boot.autoconfigure.h2.H2ConsoleAutoConfiguration [main] H2 console available at '/h2-console'. Database available at 'jdbc:h2:mem:testdb'
2025-11-18 12:24:49,125 INFO com.example.demo.DemoApplicationTests [main] Started DemoApplicationTests in 5.691 seconds (process running for 8.818)
2025-11-18 12:24:49,284 DEBUG org.springframework.web.context.support.GenericWebApplicationContext [SpringApplicationShutdownHook] Closing org.springframework.web.context.support.GenericWebApplicationContext@77f4c040, started on Tue Nov 18 12:24:44 CET 2025
2025-11-18 12:24:49,289 INFO org.springframework.orm.jpa.LocalContainerEntityManagerFactoryBean [SpringApplicationShutdownHook] Closing JPA EntityManagerFactory for persistence unit 'default'
2025-11-18 12:24:49,296 INFO com.zaxxer.hikari.HikariDataSource [SpringApplicationShutdownHook] HikariPool-1 - Shutdown initiated...
2025-11-18 12:24:49,302 INFO com.zaxxer.hikari.HikariDataSource [SpringApplicationShutdownHook] HikariPool-1 - Shutdown completed.
